<?xml version="1.0" encoding="UTF-8"?>
<!-- Generated by org.testng.reporters.JUnitReportReporter -->
<testsuite skipped="0" hostname="Pavan-PC" name="qaclickacademy.AppiumTest" tests="2" failures="0" timestamp="10 Jul 2019 10:01:27 GMT" time="0.000" errors="0">
  <testcase name="IOSApps" time="0.000" classname="qaclickacademy.AppiumTest"/>
  <testcase name="NativeAppsAndroid" time="0.000" classname="qaclickacademy.AppiumTest"/>
</testsuite> <!-- qaclickacademy.AppiumTest -->
