<?xml version="1.0" encoding="UTF-8"?>
<!-- Generated by org.testng.reporters.JUnitReportReporter -->
<testsuite skipped="0" hostname="Pavan-PC" name="qaclickacademy.RestAPITest" tests="2" failures="0" timestamp="10 Jul 2019 10:02:11 GMT" time="0.000" errors="0">
  <testcase name="PostJira" time="0.000" classname="qaclickacademy.RestAPITest"/>
  <testcase name="DeleteTwitter" time="0.000" classname="qaclickacademy.RestAPITest"/>
</testsuite> <!-- qaclickacademy.RestAPITest -->
